2016-12-11 11:02:26,550 [ModalContext] INFO  o.e.m.c.i.e.AbstractTransferListenerAdapter - Downloading https://repo.maven.apache.org/maven2/org/apache/maven/archetypes/maven-archetype-quickstart/1.1/maven-archetype-quickstart-1.1.jar
2016-12-11 11:02:26,879 [ModalContext] INFO  o.e.m.c.i.e.AbstractTransferListenerAdapter - Downloaded https://repo.maven.apache.org/maven2/org/apache/maven/archetypes/maven-archetype-quickstart/1.1/maven-archetype-quickstart-1.1.jar
2016-12-11 11:02:27,152 [ModalContext] INFO  o.e.m.c.i.e.AbstractTransferListenerAdapter - Downloading https://repo.maven.apache.org/maven2/org/apache/maven/archetypes/maven-archetype-quickstart/1.1/maven-archetype-quickstart-1.1.pom
2016-12-11 11:02:27,418 [ModalContext] INFO  o.e.m.c.i.e.AbstractTransferListenerAdapter - Downloaded https://repo.maven.apache.org/maven2/org/apache/maven/archetypes/maven-archetype-quickstart/1.1/maven-archetype-quickstart-1.1.pom
2016-12-11 11:02:50,712 [Worker-16] INFO  o.e.m.c.i.p.ProjectConfigurationManager - Collecting project info '/pom.xml' C:\Users\lenovo\Desktop\mysam\shoppingcart\pom.xml
2016-12-11 11:02:56,641 [Worker-16] INFO  o.e.m.c.i.e.AbstractTransferListenerAdapter - Downloading https://repo.maven.apache.org/maven2/org/apache/maven/plugins/maven-jar-plugin/2.4/maven-jar-plugin-2.4.jar
2016-12-11 11:02:57,549 [Worker-16] INFO  o.e.m.c.i.e.AbstractTransferListenerAdapter - Downloaded https://repo.maven.apache.org/maven2/org/apache/maven/plugins/maven-jar-plugin/2.4/maven-jar-plugin-2.4.jar
2016-12-11 11:03:05,088 [Worker-16] INFO  o.e.m.c.i.l.LifecycleMappingFactory - Using org.eclipse.m2e.jdt.JarLifecycleMapping lifecycle mapping for MavenProject: com.niit:shoppingcart:0.0.1-SNAPSHOT @ C:\Users\lenovo\Desktop\mysam\shoppingcart\pom.xml.
2016-12-11 11:03:06,478 [Worker-16] INFO  o.e.m.c.i.e.AbstractTransferListenerAdapter - Downloading https://repo.maven.apache.org/maven2/org/apache/maven/plugins/maven-surefire-plugin/2.12.4/maven-surefire-plugin-2.12.4.pom
2016-12-11 11:03:06,772 [Worker-16] INFO  o.e.m.c.i.e.AbstractTransferListenerAdapter - Downloaded https://repo.maven.apache.org/maven2/org/apache/maven/plugins/maven-surefire-plugin/2.12.4/maven-surefire-plugin-2.12.4.pom
2016-12-11 11:03:07,053 [Worker-16] INFO  o.e.m.c.i.e.AbstractTransferListenerAdapter - Downloading https://repo.maven.apache.org/maven2/org/apache/maven/surefire/surefire/2.12.4/surefire-2.12.4.pom
2016-12-11 11:03:07,393 [Worker-16] INFO  o.e.m.c.i.e.AbstractTransferListenerAdapter - Downloaded https://repo.maven.apache.org/maven2/org/apache/maven/surefire/surefire/2.12.4/surefire-2.12.4.pom
2016-12-11 11:03:07,705 [Worker-16] INFO  o.e.m.c.i.e.AbstractTransferListenerAdapter - Downloading https://repo.maven.apache.org/maven2/org/apache/maven/plugins/maven-jar-plugin/2.4/maven-jar-plugin-2.4.pom
2016-12-11 11:03:08,156 [Worker-16] INFO  o.e.m.c.i.e.AbstractTransferListenerAdapter - Downloaded https://repo.maven.apache.org/maven2/org/apache/maven/plugins/maven-jar-plugin/2.4/maven-jar-plugin-2.4.pom
2016-12-11 11:03:08,432 [Worker-16] INFO  o.e.m.c.i.e.AbstractTransferListenerAdapter - Downloading https://repo.maven.apache.org/maven2/org/apache/maven/plugins/maven-plugins/22/maven-plugins-22.pom
2016-12-11 11:03:08,739 [Worker-16] INFO  o.e.m.c.i.e.AbstractTransferListenerAdapter - Downloaded https://repo.maven.apache.org/maven2/org/apache/maven/plugins/maven-plugins/22/maven-plugins-22.pom
2016-12-11 11:03:09,447 [Worker-16] INFO  o.e.m.c.i.e.AbstractTransferListenerAdapter - Downloading https://repo.maven.apache.org/maven2/org/apache/maven/maven-archiver/2.5/maven-archiver-2.5.pom
2016-12-11 11:03:09,721 [Worker-16] INFO  o.e.m.c.i.e.AbstractTransferListenerAdapter - Downloaded https://repo.maven.apache.org/maven2/org/apache/maven/maven-archiver/2.5/maven-archiver-2.5.pom
2016-12-11 11:03:10,207 [Worker-16] INFO  o.e.m.c.i.e.AbstractTransferListenerAdapter - Downloading https://repo.maven.apache.org/maven2/org/codehaus/plexus/plexus-archiver/2.1/plexus-archiver-2.1.pom
2016-12-11 11:03:10,473 [Worker-16] INFO  o.e.m.c.i.e.AbstractTransferListenerAdapter - Downloaded https://repo.maven.apache.org/maven2/org/codehaus/plexus/plexus-archiver/2.1/plexus-archiver-2.1.pom
2016-12-11 11:03:10,763 [Worker-16] INFO  o.e.m.c.i.e.AbstractTransferListenerAdapter - Downloading https://repo.maven.apache.org/maven2/org/codehaus/plexus/plexus-utils/3.0/plexus-utils-3.0.pom
2016-12-11 11:03:11,039 [Worker-16] INFO  o.e.m.c.i.e.AbstractTransferListenerAdapter - Downloaded https://repo.maven.apache.org/maven2/org/codehaus/plexus/plexus-utils/3.0/plexus-utils-3.0.pom
2016-12-11 11:03:11,322 [Worker-16] INFO  o.e.m.c.i.e.AbstractTransferListenerAdapter - Downloading https://repo.maven.apache.org/maven2/org/sonatype/spice/spice-parent/16/spice-parent-16.pom
2016-12-11 11:03:11,610 [Worker-16] INFO  o.e.m.c.i.e.AbstractTransferListenerAdapter - Downloaded https://repo.maven.apache.org/maven2/org/sonatype/spice/spice-parent/16/spice-parent-16.pom
2016-12-11 11:03:11,902 [Worker-16] INFO  o.e.m.c.i.e.AbstractTransferListenerAdapter - Downloading https://repo.maven.apache.org/maven2/org/sonatype/forge/forge-parent/5/forge-parent-5.pom
2016-12-11 11:03:12,439 [Worker-16] INFO  o.e.m.c.i.e.AbstractTransferListenerAdapter - Downloaded https://repo.maven.apache.org/maven2/org/sonatype/forge/forge-parent/5/forge-parent-5.pom
2016-12-11 11:03:12,728 [Worker-16] INFO  o.e.m.c.i.e.AbstractTransferListenerAdapter - Downloading https://repo.maven.apache.org/maven2/org/codehaus/plexus/plexus-io/2.0.2/plexus-io-2.0.2.pom
2016-12-11 11:03:13,014 [Worker-16] INFO  o.e.m.c.i.e.AbstractTransferListenerAdapter - Downloaded https://repo.maven.apache.org/maven2/org/codehaus/plexus/plexus-io/2.0.2/plexus-io-2.0.2.pom
2016-12-11 11:03:13,296 [Worker-16] INFO  o.e.m.c.i.e.AbstractTransferListenerAdapter - Downloading https://repo.maven.apache.org/maven2/org/codehaus/plexus/plexus-components/1.1.19/plexus-components-1.1.19.pom
2016-12-11 11:03:13,566 [Worker-16] INFO  o.e.m.c.i.e.AbstractTransferListenerAdapter - Downloaded https://repo.maven.apache.org/maven2/org/codehaus/plexus/plexus-components/1.1.19/plexus-components-1.1.19.pom
2016-12-11 11:03:13,844 [Worker-16] INFO  o.e.m.c.i.e.AbstractTransferListenerAdapter - Downloading https://repo.maven.apache.org/maven2/org/codehaus/plexus/plexus/3.0.1/plexus-3.0.1.pom
2016-12-11 11:03:14,268 [Worker-16] INFO  o.e.m.c.i.e.AbstractTransferListenerAdapter - Downloaded https://repo.maven.apache.org/maven2/org/codehaus/plexus/plexus/3.0.1/plexus-3.0.1.pom
2016-12-11 11:03:14,552 [Worker-16] INFO  o.e.m.c.i.e.AbstractTransferListenerAdapter - Downloading https://repo.maven.apache.org/maven2/org/codehaus/plexus/plexus-interpolation/1.15/plexus-interpolation-1.15.pom
2016-12-11 11:03:14,831 [Worker-16] INFO  o.e.m.c.i.e.AbstractTransferListenerAdapter - Downloaded https://repo.maven.apache.org/maven2/org/codehaus/plexus/plexus-interpolation/1.15/plexus-interpolation-1.15.pom
2016-12-11 11:03:15,123 [Worker-16] INFO  o.e.m.c.i.e.AbstractTransferListenerAdapter - Downloading https://repo.maven.apache.org/maven2/commons-lang/commons-lang/2.1/commons-lang-2.1.pom
2016-12-11 11:03:15,451 [Worker-16] INFO  o.e.m.c.i.e.AbstractTransferListenerAdapter - Downloaded https://repo.maven.apache.org/maven2/commons-lang/commons-lang/2.1/commons-lang-2.1.pom
2016-12-11 11:03:15,798 [Worker-16] INFO  o.e.m.c.i.e.AbstractTransferListenerAdapter - Downloading https://repo.maven.apache.org/maven2/classworlds/classworlds/1.1-alpha-2/classworlds-1.1-alpha-2.jar
2016-12-11 11:03:16,642 [Worker-16] INFO  o.e.m.c.i.e.AbstractTransferListenerAdapter - Downloaded https://repo.maven.apache.org/maven2/classworlds/classworlds/1.1-alpha-2/classworlds-1.1-alpha-2.jar
2016-12-11 11:03:16,901 [Worker-16] INFO  o.e.m.c.i.e.AbstractTransferListenerAdapter - Downloading https://repo.maven.apache.org/maven2/org/apache/maven/maven-archiver/2.5/maven-archiver-2.5.jar
2016-12-11 11:03:17,384 [Worker-16] INFO  o.e.m.c.i.e.AbstractTransferListenerAdapter - Downloaded https://repo.maven.apache.org/maven2/org/apache/maven/maven-archiver/2.5/maven-archiver-2.5.jar
2016-12-11 11:03:17,645 [Worker-16] INFO  o.e.m.c.i.e.AbstractTransferListenerAdapter - Downloading https://repo.maven.apache.org/maven2/org/codehaus/plexus/plexus-interpolation/1.15/plexus-interpolation-1.15.jar
2016-12-11 11:03:18,469 [Worker-16] INFO  o.e.m.c.i.e.AbstractTransferListenerAdapter - Downloaded https://repo.maven.apache.org/maven2/org/codehaus/plexus/plexus-interpolation/1.15/plexus-interpolation-1.15.jar
2016-12-11 11:03:18,844 [Worker-16] INFO  o.e.m.c.i.e.AbstractTransferListenerAdapter - Downloading https://repo.maven.apache.org/maven2/org/codehaus/plexus/plexus-archiver/2.1/plexus-archiver-2.1.jar
2016-12-11 11:03:20,546 [Worker-16] INFO  o.e.m.c.i.e.AbstractTransferListenerAdapter - Downloaded https://repo.maven.apache.org/maven2/org/codehaus/plexus/plexus-archiver/2.1/plexus-archiver-2.1.jar
2016-12-11 11:03:20,922 [Worker-16] INFO  o.e.m.c.i.e.AbstractTransferListenerAdapter - Downloading https://repo.maven.apache.org/maven2/org/codehaus/plexus/plexus-io/2.0.2/plexus-io-2.0.2.jar
2016-12-11 11:03:21,614 [Worker-16] INFO  o.e.m.c.i.e.AbstractTransferListenerAdapter - Downloaded https://repo.maven.apache.org/maven2/org/codehaus/plexus/plexus-io/2.0.2/plexus-io-2.0.2.jar
2016-12-11 11:03:21,982 [Worker-16] INFO  o.e.m.c.i.e.AbstractTransferListenerAdapter - Downloading https://repo.maven.apache.org/maven2/commons-lang/commons-lang/2.1/commons-lang-2.1.jar
2016-12-11 11:03:23,974 [Worker-16] INFO  o.e.m.c.i.e.AbstractTransferListenerAdapter - Downloaded https://repo.maven.apache.org/maven2/commons-lang/commons-lang/2.1/commons-lang-2.1.jar
2016-12-11 11:03:24,364 [Worker-16] INFO  o.e.m.c.i.e.AbstractTransferListenerAdapter - Downloading https://repo.maven.apache.org/maven2/org/codehaus/plexus/plexus-utils/3.0/plexus-utils-3.0.jar
2016-12-11 11:03:26,348 [Worker-16] INFO  o.e.m.c.i.e.AbstractTransferListenerAdapter - Downloaded https://repo.maven.apache.org/maven2/org/codehaus/plexus/plexus-utils/3.0/plexus-utils-3.0.jar
2016-12-11 11:03:30,862 [Worker-16] INFO  o.e.m.j.i.AbstractJavaProjectConfigurator - Adding source folder /shoppingcart/src/main/java
2016-12-11 11:03:30,897 [Worker-16] INFO  o.e.m.j.i.AbstractJavaProjectConfigurator - Adding source folder /shoppingcart/src/test/java
2016-12-11 11:03:31,526 [Worker-16] INFO  o.e.m.c.i.p.ProjectConfigurationManager - Imported and configured 1 project(s) in 40 sec
2016-12-11 11:03:33,238 [Worker-14] INFO  o.e.m.c.i.embedder.EclipseLogger - Using 'UTF-8' encoding to copy filtered resources.
2016-12-11 11:03:33,246 [Worker-14] INFO  o.e.m.c.i.embedder.EclipseLogger - skip non existing resourceDirectory C:\Users\lenovo\Desktop\mysam\shoppingcart\src\main\resources
2016-12-11 11:03:33,260 [Worker-14] INFO  o.e.m.c.i.embedder.EclipseLogger - Using 'UTF-8' encoding to copy filtered resources.
2016-12-11 11:03:33,268 [Worker-14] INFO  o.e.m.c.i.embedder.EclipseLogger - skip non existing resourceDirectory C:\Users\lenovo\Desktop\mysam\shoppingcart\src\test\resources
2016-12-11 11:03:44,985 [Worker-3] INFO  o.e.m.c.i.p.ProjectConfigurationManager - Collecting project info '/pom.xml' C:\Users\lenovo\Desktop\mysam\shoppingcartfront\pom.xml
2016-12-11 11:03:45,399 [Worker-3] INFO  o.e.m.c.i.l.LifecycleMappingFactory - Using org.maven.ide.eclipse.wtp.WarLifecycleMapping lifecycle mapping for MavenProject: com.niit:shoppingcartfront:0.0.1-SNAPSHOT @ C:\Users\lenovo\Desktop\mysam\shoppingcartfront\pom.xml.
2016-12-11 11:03:47,148 [Worker-3] INFO  o.e.m.c.i.e.AbstractTransferListenerAdapter - Downloading https://repo.maven.apache.org/maven2/org/apache/maven/plugins/maven-war-plugin/2.2/maven-war-plugin-2.2.pom
2016-12-11 11:03:47,463 [Worker-3] INFO  o.e.m.c.i.e.AbstractTransferListenerAdapter - Downloaded https://repo.maven.apache.org/maven2/org/apache/maven/plugins/maven-war-plugin/2.2/maven-war-plugin-2.2.pom
2016-12-11 11:03:48,249 [Worker-3] INFO  o.e.m.c.i.e.AbstractTransferListenerAdapter - Downloading https://repo.maven.apache.org/maven2/com/thoughtworks/xstream/xstream/1.3.1/xstream-1.3.1.pom
2016-12-11 11:03:48,618 [Worker-3] INFO  o.e.m.c.i.e.AbstractTransferListenerAdapter - Downloaded https://repo.maven.apache.org/maven2/com/thoughtworks/xstream/xstream/1.3.1/xstream-1.3.1.pom
2016-12-11 11:03:48,938 [Worker-3] INFO  o.e.m.c.i.e.AbstractTransferListenerAdapter - Downloading https://repo.maven.apache.org/maven2/com/thoughtworks/xstream/xstream-parent/1.3.1/xstream-parent-1.3.1.pom
2016-12-11 11:03:49,316 [Worker-3] INFO  o.e.m.c.i.e.AbstractTransferListenerAdapter - Downloaded https://repo.maven.apache.org/maven2/com/thoughtworks/xstream/xstream-parent/1.3.1/xstream-parent-1.3.1.pom
2016-12-11 11:03:49,655 [Worker-3] INFO  o.e.m.c.i.e.AbstractTransferListenerAdapter - Downloading https://repo.maven.apache.org/maven2/xpp3/xpp3_min/1.1.4c/xpp3_min-1.1.4c.pom
2016-12-11 11:03:49,972 [Worker-3] INFO  o.e.m.c.i.e.AbstractTransferListenerAdapter - Downloaded https://repo.maven.apache.org/maven2/xpp3/xpp3_min/1.1.4c/xpp3_min-1.1.4c.pom
2016-12-11 11:03:50,332 [Worker-3] INFO  o.e.m.c.i.e.AbstractTransferListenerAdapter - Downloading https://repo.maven.apache.org/maven2/org/apache/maven/shared/maven-filtering/1.0-beta-2/maven-filtering-1.0-beta-2.pom
2016-12-11 11:03:50,660 [Worker-3] INFO  o.e.m.c.i.e.AbstractTransferListenerAdapter - Downloaded https://repo.maven.apache.org/maven2/org/apache/maven/shared/maven-filtering/1.0-beta-2/maven-filtering-1.0-beta-2.pom
2016-12-11 11:03:50,976 [Worker-3] INFO  o.e.m.c.i.e.AbstractTransferListenerAdapter - Downloading https://repo.maven.apache.org/maven2/org/apache/maven/shared/maven-shared-components/10/maven-shared-components-10.pom
2016-12-11 11:03:51,354 [Worker-3] INFO  o.e.m.c.i.e.AbstractTransferListenerAdapter - Downloaded https://repo.maven.apache.org/maven2/org/apache/maven/shared/maven-shared-components/10/maven-shared-components-10.pom
2016-12-11 11:03:51,666 [Worker-3] INFO  o.e.m.c.i.e.AbstractTransferListenerAdapter - Downloading https://repo.maven.apache.org/maven2/org/apache/maven/maven-parent/9/maven-parent-9.pom
2016-12-11 11:03:52,125 [Worker-3] INFO  o.e.m.c.i.e.AbstractTransferListenerAdapter - Downloaded https://repo.maven.apache.org/maven2/org/apache/maven/maven-parent/9/maven-parent-9.pom
2016-12-11 11:03:52,442 [Worker-3] INFO  o.e.m.c.i.e.AbstractTransferListenerAdapter - Downloading https://repo.maven.apache.org/maven2/org/codehaus/plexus/plexus-utils/1.5.6/plexus-utils-1.5.6.pom
2016-12-11 11:03:52,746 [Worker-3] INFO  o.e.m.c.i.e.AbstractTransferListenerAdapter - Downloaded https://repo.maven.apache.org/maven2/org/codehaus/plexus/plexus-utils/1.5.6/plexus-utils-1.5.6.pom
2016-12-11 11:03:53,056 [Worker-3] INFO  o.e.m.c.i.e.AbstractTransferListenerAdapter - Downloading https://repo.maven.apache.org/maven2/org/codehaus/plexus/plexus/1.0.12/plexus-1.0.12.pom
2016-12-11 11:03:53,372 [Worker-3] INFO  o.e.m.c.i.e.AbstractTransferListenerAdapter - Downloaded https://repo.maven.apache.org/maven2/org/codehaus/plexus/plexus/1.0.12/plexus-1.0.12.pom
2016-12-11 11:03:53,681 [Worker-3] INFO  o.e.m.c.i.e.AbstractTransferListenerAdapter - Downloading https://repo.maven.apache.org/maven2/org/codehaus/plexus/plexus-interpolation/1.6/plexus-interpolation-1.6.pom
2016-12-11 11:03:54,037 [Worker-3] INFO  o.e.m.c.i.e.AbstractTransferListenerAdapter - Downloaded https://repo.maven.apache.org/maven2/org/codehaus/plexus/plexus-interpolation/1.6/plexus-interpolation-1.6.pom
2016-12-11 11:03:54,400 [Worker-3] INFO  o.e.m.c.i.e.AbstractTransferListenerAdapter - Downloading https://repo.maven.apache.org/maven2/com/thoughtworks/xstream/xstream/1.3.1/xstream-1.3.1.jar
2016-12-11 11:03:55,466 [Worker-3] INFO  o.e.m.c.i.e.AbstractTransferListenerAdapter - Downloaded https://repo.maven.apache.org/maven2/com/thoughtworks/xstream/xstream/1.3.1/xstream-1.3.1.jar
2016-12-11 11:03:55,757 [Worker-3] INFO  o.e.m.c.i.e.AbstractTransferListenerAdapter - Downloading https://repo.maven.apache.org/maven2/xpp3/xpp3_min/1.1.4c/xpp3_min-1.1.4c.jar
2016-12-11 11:03:56,071 [Worker-3] INFO  o.e.m.c.i.e.AbstractTransferListenerAdapter - Downloaded https://repo.maven.apache.org/maven2/xpp3/xpp3_min/1.1.4c/xpp3_min-1.1.4c.jar
2016-12-11 11:03:56,364 [Worker-3] INFO  o.e.m.c.i.e.AbstractTransferListenerAdapter - Downloading https://repo.maven.apache.org/maven2/org/apache/maven/shared/maven-filtering/1.0-beta-2/maven-filtering-1.0-beta-2.jar
2016-12-11 11:03:56,760 [Worker-3] INFO  o.e.m.c.i.e.AbstractTransferListenerAdapter - Downloaded https://repo.maven.apache.org/maven2/org/apache/maven/shared/maven-filtering/1.0-beta-2/maven-filtering-1.0-beta-2.jar
2016-12-11 11:03:58,873 [Worker-3] INFO  o.e.m.j.i.AbstractJavaProjectConfigurator - Adding source folder /shoppingcartfront/src/main/java
2016-12-11 11:03:58,891 [Worker-3] INFO  o.e.m.j.i.AbstractJavaProjectConfigurator - Adding resource folder /shoppingcartfront/src/main/resources
2016-12-11 11:03:58,899 [Worker-3] INFO  o.e.m.j.i.AbstractJavaProjectConfigurator - Adding source folder /shoppingcartfront/src/test/java
2016-12-11 11:04:04,867 [Worker-3] INFO  o.e.m.c.i.e.AbstractTransferListenerAdapter - Downloading https://repo.maven.apache.org/maven2/org/apache/maven/plugins/maven-clean-plugin/2.5/maven-clean-plugin-2.5.pom
2016-12-11 11:04:05,189 [Worker-3] INFO  o.e.m.c.i.e.AbstractTransferListenerAdapter - Downloaded https://repo.maven.apache.org/maven2/org/apache/maven/plugins/maven-clean-plugin/2.5/maven-clean-plugin-2.5.pom
2016-12-11 11:04:05,422 [Worker-3] INFO  o.e.m.c.i.p.ProjectConfigurationManager - Imported and configured 1 project(s) in 20 sec
2016-12-11 11:04:06,591 [Worker-18] WARN  o.e.m.c.i.embedder.EclipseLogger - Using platform encoding (Cp1252 actually) to copy filtered resources, i.e. build is platform dependent!
2016-12-11 11:04:06,630 [Worker-18] INFO  o.e.m.c.i.embedder.EclipseLogger - Copying 0 resource
2016-12-11 11:04:06,644 [Worker-18] WARN  o.e.m.c.i.embedder.EclipseLogger - Using platform encoding (Cp1252 actually) to copy filtered resources, i.e. build is platform dependent!
2016-12-11 11:04:06,662 [Worker-18] INFO  o.e.m.c.i.embedder.EclipseLogger - skip non existing resourceDirectory C:\Users\lenovo\Desktop\mysam\shoppingcartfront\src\test\resources
2016-12-11 11:08:11,529 [Worker-16] INFO  o.e.m.c.i.l.LifecycleMappingFactory - Using org.maven.ide.eclipse.wtp.WarLifecycleMapping lifecycle mapping for MavenProject: com.niit:shoppingcartfront:0.0.1-SNAPSHOT @ C:\Users\lenovo\Desktop\mysam\shoppingcartfront\pom.xml.
2016-12-11 11:08:13,155 [Worker-16] INFO  o.e.m.c.i.e.AbstractTransferListenerAdapter - Downloading https://repo.maven.apache.org/maven2/javax/servlet/javax.servlet-api/3.1.0/javax.servlet-api-3.1.0.pom
2016-12-11 11:08:13,617 [Worker-16] INFO  o.e.m.c.i.e.AbstractTransferListenerAdapter - Downloaded https://repo.maven.apache.org/maven2/javax/servlet/javax.servlet-api/3.1.0/javax.servlet-api-3.1.0.pom
2016-12-11 11:08:13,899 [Worker-16] INFO  o.e.m.c.i.e.AbstractTransferListenerAdapter - Downloading https://repo.maven.apache.org/maven2/net/java/jvnet-parent/3/jvnet-parent-3.pom
2016-12-11 11:08:14,148 [Worker-16] INFO  o.e.m.c.i.e.AbstractTransferListenerAdapter - Downloaded https://repo.maven.apache.org/maven2/net/java/jvnet-parent/3/jvnet-parent-3.pom
2016-12-11 11:08:14,405 [Worker-16] INFO  o.e.m.c.i.e.AbstractTransferListenerAdapter - Downloading https://repo.maven.apache.org/maven2/javax/servlet/javax.servlet-api/3.1.0/javax.servlet-api-3.1.0.jar
2016-12-11 11:08:15,377 [Worker-16] INFO  o.e.m.c.i.e.AbstractTransferListenerAdapter - Downloaded https://repo.maven.apache.org/maven2/javax/servlet/javax.servlet-api/3.1.0/javax.servlet-api-3.1.0.jar
2016-12-11 11:08:17,784 [Worker-16] WARN  o.e.m.c.i.embedder.EclipseLogger - Using platform encoding (Cp1252 actually) to copy filtered resources, i.e. build is platform dependent!
2016-12-11 11:08:17,828 [Worker-16] INFO  o.e.m.c.i.embedder.EclipseLogger - Copying 0 resource
2016-12-11 11:08:17,836 [Worker-16] WARN  o.e.m.c.i.embedder.EclipseLogger - Using platform encoding (Cp1252 actually) to copy filtered resources, i.e. build is platform dependent!
2016-12-11 11:08:17,841 [Worker-16] INFO  o.e.m.c.i.embedder.EclipseLogger - skip non existing resourceDirectory C:\Users\lenovo\Desktop\mysam\shoppingcartfront\src\test\resources
2016-12-11 11:08:17,847 [Worker-16] INFO  o.e.m.w.i.f.ResourceFilteringBuildParticipant - Changed resources require a complete clean of filtered resources of shoppingcartfront
2016-12-11 11:08:17,849 [Worker-16] INFO  o.e.m.w.i.f.ResourceFilteringBuildParticipant - Executing resource filtering for shoppingcartfront
2016-12-11 11:08:17,865 [Worker-16] WARN  o.e.m.c.i.embedder.EclipseLogger - Using platform encoding (Cp1252 actually) to copy filtered resources, i.e. build is platform dependent!
2016-12-11 11:08:18,468 [Worker-16] WARN  o.e.m.c.i.embedder.EclipseLogger - Using platform encoding (Cp1252 actually) to copy filtered resources, i.e. build is platform dependent!
2016-12-11 11:08:18,478 [Worker-16] INFO  o.e.m.c.i.embedder.EclipseLogger - Copying 0 resource
2016-12-11 11:08:18,482 [Worker-16] WARN  o.e.m.c.i.embedder.EclipseLogger - Using platform encoding (Cp1252 actually) to copy filtered resources, i.e. build is platform dependent!
2016-12-11 11:08:18,499 [Worker-16] INFO  o.e.m.c.i.embedder.EclipseLogger - skip non existing resourceDirectory C:\Users\lenovo\Desktop\mysam\shoppingcartfront\src\test\resources
2016-12-11 14:52:53,780 [Worker-6] INFO  o.e.m.c.i.l.LifecycleMappingFactory - Using org.eclipse.m2e.jdt.JarLifecycleMapping lifecycle mapping for MavenProject: com.niit:shoppingcart:0.0.1-SNAPSHOT @ C:\Users\lenovo\Desktop\mysam\shoppingcart\pom.xml.
2016-12-11 14:52:54,061 [Worker-6] INFO  o.e.m.c.i.l.LifecycleMappingFactory - Using org.maven.ide.eclipse.wtp.WarLifecycleMapping lifecycle mapping for MavenProject: com.niit:shoppingcartfront:0.0.1-SNAPSHOT @ C:\Users\lenovo\Desktop\mysam\shoppingcartfront\pom.xml.
2016-12-11 14:53:06,651 [Worker-2] INFO  o.e.m.c.i.embedder.EclipseLogger - Using 'UTF-8' encoding to copy filtered resources.
2016-12-11 14:53:06,692 [Worker-2] INFO  o.e.m.c.i.embedder.EclipseLogger - skip non existing resourceDirectory C:\Users\lenovo\Desktop\mysam\shoppingcart\src\main\resources
2016-12-11 14:53:06,697 [Worker-2] INFO  o.e.m.c.i.embedder.EclipseLogger - Using 'UTF-8' encoding to copy filtered resources.
2016-12-11 14:53:06,698 [Worker-2] INFO  o.e.m.c.i.embedder.EclipseLogger - skip non existing resourceDirectory C:\Users\lenovo\Desktop\mysam\shoppingcart\src\test\resources
2016-12-11 14:53:08,464 [Worker-11] ERROR o.e.m2e.editor.pom.MavenPomEditor - failed to load maven project for org.eclipse.ui.part.FileEditorInput(/shoppingcartfront/pom.xml)
org.eclipse.core.runtime.CoreException: Could not read maven project
	at org.eclipse.m2e.core.internal.project.registry.ProjectRegistryManager.readProjectWithDependencies(ProjectRegistryManager.java:804) ~[na:na]
	at org.eclipse.m2e.core.internal.project.registry.ProjectRegistryManager$6.call(ProjectRegistryManager.java:1010) ~[na:na]
	at org.eclipse.m2e.core.internal.project.registry.ProjectRegistryManager$6.call(ProjectRegistryManager.java:1) ~[na:na]
	at com.google.common.cache.LocalCache$LocalManualCache$1.load(LocalCache.java:4724) ~[na:na]
	at com.google.common.cache.LocalCache$LoadingValueReference.loadFuture(LocalCache.java:3522) ~[na:na]
	at com.google.common.cache.LocalCache$Segment.loadSync(LocalCache.java:2315) ~[na:na]
	at com.google.common.cache.LocalCache$Segment.lockedGetOrLoad(LocalCache.java:2278) ~[na:na]
	at com.google.common.cache.LocalCache$Segment.get(LocalCache.java:2193) ~[na:na]
	at com.google.common.cache.LocalCache.get(LocalCache.java:3932) ~[na:na]
	at com.google.common.cache.LocalCache$LocalManualCache.get(LocalCache.java:4721) ~[na:na]
	at org.eclipse.m2e.core.internal.project.registry.ProjectRegistryManager.getMavenProject(ProjectRegistryManager.java:1008) ~[na:na]
	at org.eclipse.m2e.core.internal.project.registry.MavenProjectFacade.getMavenProject(MavenProjectFacade.java:242) ~[na:na]
	at org.eclipse.m2e.core.ui.internal.actions.SelectionUtil.getMavenProject(SelectionUtil.java:261) ~[org.eclipse.m2e.core.ui_1.7.0.20160603-1933.jar:na]
	at org.eclipse.m2e.editor.pom.MavenPomEditor.readMavenProject(MavenPomEditor.java:732) ~[na:na]
	at org.eclipse.m2e.editor.pom.MavenPomEditor$5.run(MavenPomEditor.java:1053) ~[na:na]
	at org.eclipse.core.internal.jobs.Worker.run(Worker.java:55) [org.eclipse.core.jobs_3.8.0.v20160509-0411.jar:na]
2016-12-11 14:53:09,952 [Worker-5] ERROR o.e.m.c.i.p.r.ProjectRegistryManager - Could not read pom.xml
org.eclipse.core.runtime.CoreException: Could not read pom.xml
	at org.eclipse.m2e.core.internal.embedder.MavenImpl.readModel(MavenImpl.java:565) ~[org.eclipse.m2e.core_1.7.0.20160603-1933.jar:na]
	at org.eclipse.m2e.core.internal.embedder.MavenImpl.readModel(MavenImpl.java:574) ~[org.eclipse.m2e.core_1.7.0.20160603-1933.jar:na]
	at org.eclipse.m2e.core.internal.project.registry.ProjectRegistryManager.refreshPhase2(ProjectRegistryManager.java:542) [org.eclipse.m2e.core_1.7.0.20160603-1933.jar:na]
	at org.eclipse.m2e.core.internal.project.registry.ProjectRegistryManager.refresh(ProjectRegistryManager.java:498) [org.eclipse.m2e.core_1.7.0.20160603-1933.jar:na]
	at org.eclipse.m2e.core.internal.project.registry.ProjectRegistryManager.refresh(ProjectRegistryManager.java:351) [org.eclipse.m2e.core_1.7.0.20160603-1933.jar:na]
	at org.eclipse.m2e.core.internal.project.registry.ProjectRegistryManager.refresh(ProjectRegistryManager.java:298) [org.eclipse.m2e.core_1.7.0.20160603-1933.jar:na]
	at org.eclipse.m2e.core.internal.builder.MavenBuilder$BuildMethod.getProjectFacade(MavenBuilder.java:154) [org.eclipse.m2e.core_1.7.0.20160603-1933.jar:na]
	at org.eclipse.m2e.core.internal.builder.MavenBuilder$BuildMethod$1.call(MavenBuilder.java:89) [org.eclipse.m2e.core_1.7.0.20160603-1933.jar:na]
	at org.eclipse.m2e.core.internal.embedder.MavenExecutionContext.executeBare(MavenExecutionContext.java:176) [org.eclipse.m2e.core_1.7.0.20160603-1933.jar:na]
	at org.eclipse.m2e.core.internal.embedder.MavenExecutionContext.execute(MavenExecutionContext.java:151) [org.eclipse.m2e.core_1.7.0.20160603-1933.jar:na]
	at org.eclipse.m2e.core.internal.embedder.MavenExecutionContext.execute(MavenExecutionContext.java:99) [org.eclipse.m2e.core_1.7.0.20160603-1933.jar:na]
	at org.eclipse.m2e.core.internal.builder.MavenBuilder$BuildMethod.execute(MavenBuilder.java:86) [org.eclipse.m2e.core_1.7.0.20160603-1933.jar:na]
	at org.eclipse.m2e.core.internal.builder.MavenBuilder.build(MavenBuilder.java:200) [org.eclipse.m2e.core_1.7.0.20160603-1933.jar:na]
	at org.eclipse.core.internal.events.BuildManager$2.run(BuildManager.java:735) [org.eclipse.core.resources_3.11.0.v20160503-1608.jar:na]
	at org.eclipse.core.runtime.SafeRunner.run(SafeRunner.java:42) [org.eclipse.equinox.common_3.8.0.v20160509-1230.jar:na]
	at org.eclipse.core.internal.events.BuildManager.basicBuild(BuildManager.java:206) [org.eclipse.core.resources_3.11.0.v20160503-1608.jar:na]
	at org.eclipse.core.internal.events.BuildManager.basicBuild(BuildManager.java:246) [org.eclipse.core.resources_3.11.0.v20160503-1608.jar:na]
	at org.eclipse.core.internal.events.BuildManager$1.run(BuildManager.java:301) [org.eclipse.core.resources_3.11.0.v20160503-1608.jar:na]
	at org.eclipse.core.runtime.SafeRunner.run(SafeRunner.java:42) [org.eclipse.equinox.common_3.8.0.v20160509-1230.jar:na]
	at org.eclipse.core.internal.events.BuildManager.basicBuild(BuildManager.java:304) [org.eclipse.core.resources_3.11.0.v20160503-1608.jar:na]
	at org.eclipse.core.internal.events.BuildManager.basicBuildLoop(BuildManager.java:360) [org.eclipse.core.resources_3.11.0.v20160503-1608.jar:na]
	at org.eclipse.core.internal.events.BuildManager.build(BuildManager.java:383) [org.eclipse.core.resources_3.11.0.v20160503-1608.jar:na]
	at org.eclipse.core.internal.events.AutoBuildJob.doBuild(AutoBuildJob.java:144) [org.eclipse.core.resources_3.11.0.v20160503-1608.jar:na]
	at org.eclipse.core.internal.events.AutoBuildJob.run(AutoBuildJob.java:235) [org.eclipse.core.resources_3.11.0.v20160503-1608.jar:na]
	at org.eclipse.core.internal.jobs.Worker.run(Worker.java:55) [org.eclipse.core.jobs_3.8.0.v20160509-0411.jar:na]
Caused by: org.apache.maven.model.io.ModelParseException: end tag name </dependency> must match start tag name <dependencies> from line 10 (position: TEXT seen ...</dependency>\r\n    </dependency>... @17:18) 
	at org.apache.maven.model.io.DefaultModelReader.read(DefaultModelReader.java:122) ~[maven-model-builder-3.3.9.jar:3.3.9]
	at org.apache.maven.model.io.DefaultModelReader.read(DefaultModelReader.java:86) ~[maven-model-builder-3.3.9.jar:3.3.9]
	at org.eclipse.m2e.core.internal.embedder.MavenImpl.readModel(MavenImpl.java:563) ~[org.eclipse.m2e.core_1.7.0.20160603-1933.jar:na]
	... 24 common frames omitted
Caused by: org.codehaus.plexus.util.xml.pull.XmlPullParserException: end tag name </dependency> must match start tag name <dependencies> from line 10 (position: TEXT seen ...</dependency>\r\n    </dependency>... @17:18) 
	at org.codehaus.plexus.util.xml.pull.MXParser.parseEndTag(MXParser.java:1727) ~[plexus-utils-3.0.22.jar:na]
	at org.codehaus.plexus.util.xml.pull.MXParser.nextImpl(MXParser.java:1169) ~[plexus-utils-3.0.22.jar:na]
	at org.codehaus.plexus.util.xml.pull.MXParser.next(MXParser.java:1131) ~[plexus-utils-3.0.22.jar:na]
	at org.codehaus.plexus.util.xml.pull.MXParser.nextTag(MXParser.java:1118) ~[plexus-utils-3.0.22.jar:na]
	at org.apache.maven.model.io.xpp3.MavenXpp3Reader.parseModel(MavenXpp3Reader.java:2231) ~[maven-model-3.3.9.jar:3.3.9]
	at org.apache.maven.model.io.xpp3.MavenXpp3Reader.read(MavenXpp3Reader.java:3845) ~[maven-model-3.3.9.jar:3.3.9]
	at org.apache.maven.model.io.xpp3.MavenXpp3Reader.read(MavenXpp3Reader.java:595) ~[maven-model-3.3.9.jar:3.3.9]
	at org.apache.maven.model.io.DefaultModelReader.read(DefaultModelReader.java:117) ~[maven-model-builder-3.3.9.jar:3.3.9]
	... 26 common frames omitted
2016-12-11 14:53:14,657 [Worker-3] INFO  o.e.m.c.i.l.LifecycleMappingFactory - Using org.maven.ide.eclipse.wtp.WarLifecycleMapping lifecycle mapping for MavenProject: com.niit:shoppingcartfront:0.0.1-SNAPSHOT @ C:\Users\lenovo\Desktop\mysam\shoppingcartfront\pom.xml.
2016-12-11 14:53:17,014 [Worker-3] WARN  o.e.m.c.i.embedder.EclipseLogger - Using platform encoding (Cp1252 actually) to copy filtered resources, i.e. build is platform dependent!
2016-12-11 14:53:17,037 [Worker-3] INFO  o.e.m.c.i.embedder.EclipseLogger - Copying 0 resource
2016-12-11 14:53:17,042 [Worker-3] WARN  o.e.m.c.i.embedder.EclipseLogger - Using platform encoding (Cp1252 actually) to copy filtered resources, i.e. build is platform dependent!
2016-12-11 14:53:17,051 [Worker-3] INFO  o.e.m.c.i.embedder.EclipseLogger - skip non existing resourceDirectory C:\Users\lenovo\Desktop\mysam\shoppingcartfront\src\test\resources
2016-12-11 14:53:17,056 [Worker-3] INFO  o.e.m.w.i.f.ResourceFilteringBuildParticipant - Changed resources require a complete clean of filtered resources of shoppingcartfront
2016-12-11 14:53:17,058 [Worker-3] INFO  o.e.m.w.i.f.ResourceFilteringBuildParticipant - Executing resource filtering for shoppingcartfront
2016-12-11 14:53:17,073 [Worker-3] WARN  o.e.m.c.i.embedder.EclipseLogger - Using platform encoding (Cp1252 actually) to copy filtered resources, i.e. build is platform dependent!
2016-12-11 14:53:18,579 [Worker-8] WARN  o.e.m.c.i.embedder.EclipseLogger - Using platform encoding (Cp1252 actually) to copy filtered resources, i.e. build is platform dependent!
2016-12-11 14:53:18,599 [Worker-8] INFO  o.e.m.c.i.embedder.EclipseLogger - Copying 0 resource
2016-12-11 14:53:18,604 [Worker-8] WARN  o.e.m.c.i.embedder.EclipseLogger - Using platform encoding (Cp1252 actually) to copy filtered resources, i.e. build is platform dependent!
2016-12-11 14:53:18,640 [Worker-8] INFO  o.e.m.c.i.embedder.EclipseLogger - skip non existing resourceDirectory C:\Users\lenovo\Desktop\mysam\shoppingcartfront\src\test\resources
2016-12-11 14:55:09,827 [Worker-6] WARN  o.e.m.c.i.embedder.EclipseLogger - Using platform encoding (Cp1252 actually) to copy filtered resources, i.e. build is platform dependent!
2016-12-11 14:55:09,903 [Worker-6] INFO  o.e.m.c.i.embedder.EclipseLogger - Copying 0 resource
2016-12-11 14:55:10,003 [Worker-6] WARN  o.e.m.c.i.embedder.EclipseLogger - Using platform encoding (Cp1252 actually) to copy filtered resources, i.e. build is platform dependent!
2016-12-11 14:55:10,013 [Worker-6] INFO  o.e.m.c.i.embedder.EclipseLogger - skip non existing resourceDirectory C:\Users\lenovo\Desktop\mysam\shoppingcartfront\src\test\resources
2016-12-11 14:58:00,864 [Worker-13] WARN  o.e.m.c.i.embedder.EclipseLogger - Using platform encoding (Cp1252 actually) to copy filtered resources, i.e. build is platform dependent!
2016-12-11 14:58:00,945 [Worker-13] INFO  o.e.m.c.i.embedder.EclipseLogger - Copying 0 resource
2016-12-11 14:58:00,996 [Worker-13] WARN  o.e.m.c.i.embedder.EclipseLogger - Using platform encoding (Cp1252 actually) to copy filtered resources, i.e. build is platform dependent!
2016-12-11 14:58:01,009 [Worker-13] INFO  o.e.m.c.i.embedder.EclipseLogger - skip non existing resourceDirectory C:\Users\lenovo\Desktop\mysam\shoppingcartfront\src\test\resources
2016-12-11 14:58:08,701 [Worker-18] WARN  o.e.m.c.i.embedder.EclipseLogger - Using platform encoding (Cp1252 actually) to copy filtered resources, i.e. build is platform dependent!
2016-12-11 14:58:08,798 [Worker-18] INFO  o.e.m.c.i.embedder.EclipseLogger - Copying 0 resource
2016-12-11 14:58:08,801 [Worker-18] WARN  o.e.m.c.i.embedder.EclipseLogger - Using platform encoding (Cp1252 actually) to copy filtered resources, i.e. build is platform dependent!
2016-12-11 14:58:08,809 [Worker-18] INFO  o.e.m.c.i.embedder.EclipseLogger - skip non existing resourceDirectory C:\Users\lenovo\Desktop\mysam\shoppingcartfront\src\test\resources
2016-12-11 14:58:35,553 [Worker-18] WARN  o.e.m.c.i.embedder.EclipseLogger - Using platform encoding (Cp1252 actually) to copy filtered resources, i.e. build is platform dependent!
2016-12-11 14:58:35,684 [Worker-18] INFO  o.e.m.c.i.embedder.EclipseLogger - Copying 0 resource
2016-12-11 14:58:35,693 [Worker-18] WARN  o.e.m.c.i.embedder.EclipseLogger - Using platform encoding (Cp1252 actually) to copy filtered resources, i.e. build is platform dependent!
2016-12-11 14:58:35,706 [Worker-18] INFO  o.e.m.c.i.embedder.EclipseLogger - skip non existing resourceDirectory C:\Users\lenovo\Desktop\mysam\shoppingcartfront\src\test\resources
2016-12-11 15:00:34,916 [Worker-22] WARN  o.e.m.c.i.embedder.EclipseLogger - Using platform encoding (Cp1252 actually) to copy filtered resources, i.e. build is platform dependent!
2016-12-11 15:00:35,000 [Worker-22] INFO  o.e.m.c.i.embedder.EclipseLogger - Copying 0 resource
2016-12-11 15:00:35,005 [Worker-22] WARN  o.e.m.c.i.embedder.EclipseLogger - Using platform encoding (Cp1252 actually) to copy filtered resources, i.e. build is platform dependent!
2016-12-11 15:00:35,013 [Worker-22] INFO  o.e.m.c.i.embedder.EclipseLogger - skip non existing resourceDirectory C:\Users\lenovo\Desktop\mysam\shoppingcartfront\src\test\resources
2016-12-11 15:01:44,275 [Worker-2] WARN  o.e.m.c.i.embedder.EclipseLogger - Using platform encoding (Cp1252 actually) to copy filtered resources, i.e. build is platform dependent!
2016-12-11 15:01:44,288 [Worker-2] INFO  o.e.m.c.i.embedder.EclipseLogger - Copying 0 resource
2016-12-11 15:01:44,298 [Worker-2] WARN  o.e.m.c.i.embedder.EclipseLogger - Using platform encoding (Cp1252 actually) to copy filtered resources, i.e. build is platform dependent!
2016-12-11 15:01:44,305 [Worker-2] INFO  o.e.m.c.i.embedder.EclipseLogger - skip non existing resourceDirectory C:\Users\lenovo\Desktop\mysam\shoppingcartfront\src\test\resources
2016-12-11 15:06:20,386 [Worker-18] WARN  o.e.m.c.i.embedder.EclipseLogger - Using platform encoding (Cp1252 actually) to copy filtered resources, i.e. build is platform dependent!
2016-12-11 15:06:20,491 [Worker-18] INFO  o.e.m.c.i.embedder.EclipseLogger - Copying 0 resource
2016-12-11 15:06:20,494 [Worker-18] WARN  o.e.m.c.i.embedder.EclipseLogger - Using platform encoding (Cp1252 actually) to copy filtered resources, i.e. build is platform dependent!
2016-12-11 15:06:20,501 [Worker-18] INFO  o.e.m.c.i.embedder.EclipseLogger - skip non existing resourceDirectory C:\Users\lenovo\Desktop\mysam\shoppingcartfront\src\test\resources
2016-12-11 15:10:17,986 [Worker-25] WARN  o.e.m.c.i.embedder.EclipseLogger - Using platform encoding (Cp1252 actually) to copy filtered resources, i.e. build is platform dependent!
2016-12-11 15:10:18,117 [Worker-25] INFO  o.e.m.c.i.embedder.EclipseLogger - Copying 0 resource
2016-12-11 15:10:18,125 [Worker-25] WARN  o.e.m.c.i.embedder.EclipseLogger - Using platform encoding (Cp1252 actually) to copy filtered resources, i.e. build is platform dependent!
2016-12-11 15:10:18,140 [Worker-25] INFO  o.e.m.c.i.embedder.EclipseLogger - skip non existing resourceDirectory C:\Users\lenovo\Desktop\mysam\shoppingcartfront\src\test\resources
2016-12-11 15:15:04,709 [Worker-29] WARN  o.e.m.c.i.embedder.EclipseLogger - Using platform encoding (Cp1252 actually) to copy filtered resources, i.e. build is platform dependent!
2016-12-11 15:15:04,744 [Worker-29] INFO  o.e.m.c.i.embedder.EclipseLogger - Copying 0 resource
2016-12-11 15:15:04,775 [Worker-29] WARN  o.e.m.c.i.embedder.EclipseLogger - Using platform encoding (Cp1252 actually) to copy filtered resources, i.e. build is platform dependent!
2016-12-11 15:15:04,785 [Worker-29] INFO  o.e.m.c.i.embedder.EclipseLogger - skip non existing resourceDirectory C:\Users\lenovo\Desktop\mysam\shoppingcartfront\src\test\resources
2016-12-11 15:16:06,705 [Worker-29] WARN  o.e.m.c.i.embedder.EclipseLogger - Using platform encoding (Cp1252 actually) to copy filtered resources, i.e. build is platform dependent!
2016-12-11 15:16:06,766 [Worker-29] INFO  o.e.m.c.i.embedder.EclipseLogger - Copying 0 resource
2016-12-11 15:16:06,774 [Worker-29] WARN  o.e.m.c.i.embedder.EclipseLogger - Using platform encoding (Cp1252 actually) to copy filtered resources, i.e. build is platform dependent!
2016-12-11 15:16:06,781 [Worker-29] INFO  o.e.m.c.i.embedder.EclipseLogger - skip non existing resourceDirectory C:\Users\lenovo\Desktop\mysam\shoppingcartfront\src\test\resources
2016-12-11 15:17:12,381 [Worker-21] WARN  o.e.m.c.i.embedder.EclipseLogger - Using platform encoding (Cp1252 actually) to copy filtered resources, i.e. build is platform dependent!
2016-12-11 15:17:12,390 [Worker-21] INFO  o.e.m.c.i.embedder.EclipseLogger - Copying 0 resource
2016-12-11 15:17:12,393 [Worker-21] WARN  o.e.m.c.i.embedder.EclipseLogger - Using platform encoding (Cp1252 actually) to copy filtered resources, i.e. build is platform dependent!
2016-12-11 15:17:12,403 [Worker-21] INFO  o.e.m.c.i.embedder.EclipseLogger - skip non existing resourceDirectory C:\Users\lenovo\Desktop\mysam\shoppingcartfront\src\test\resources
2016-12-11 15:17:46,633 [Worker-20] WARN  o.e.m.c.i.embedder.EclipseLogger - Using platform encoding (Cp1252 actually) to copy filtered resources, i.e. build is platform dependent!
2016-12-11 15:17:46,831 [Worker-20] INFO  o.e.m.c.i.embedder.EclipseLogger - Copying 0 resource
2016-12-11 15:17:46,842 [Worker-20] WARN  o.e.m.c.i.embedder.EclipseLogger - Using platform encoding (Cp1252 actually) to copy filtered resources, i.e. build is platform dependent!
2016-12-11 15:17:46,856 [Worker-20] INFO  o.e.m.c.i.embedder.EclipseLogger - skip non existing resourceDirectory C:\Users\lenovo\Desktop\mysam\shoppingcartfront\src\test\resources
2016-12-11 15:18:59,047 [Worker-28] WARN  o.e.m.c.i.embedder.EclipseLogger - Using platform encoding (Cp1252 actually) to copy filtered resources, i.e. build is platform dependent!
2016-12-11 15:18:59,186 [Worker-28] INFO  o.e.m.c.i.embedder.EclipseLogger - Copying 0 resource
2016-12-11 15:18:59,196 [Worker-28] WARN  o.e.m.c.i.embedder.EclipseLogger - Using platform encoding (Cp1252 actually) to copy filtered resources, i.e. build is platform dependent!
2016-12-11 15:18:59,205 [Worker-28] INFO  o.e.m.c.i.embedder.EclipseLogger - skip non existing resourceDirectory C:\Users\lenovo\Desktop\mysam\shoppingcartfront\src\test\resources
2016-12-11 15:21:53,424 [Worker-21] WARN  o.e.m.c.i.embedder.EclipseLogger - Using platform encoding (Cp1252 actually) to copy filtered resources, i.e. build is platform dependent!
2016-12-11 15:21:53,584 [Worker-21] INFO  o.e.m.c.i.embedder.EclipseLogger - Copying 0 resource
2016-12-11 15:21:53,596 [Worker-21] WARN  o.e.m.c.i.embedder.EclipseLogger - Using platform encoding (Cp1252 actually) to copy filtered resources, i.e. build is platform dependent!
2016-12-11 15:21:53,610 [Worker-21] INFO  o.e.m.c.i.embedder.EclipseLogger - skip non existing resourceDirectory C:\Users\lenovo\Desktop\mysam\shoppingcartfront\src\test\resources
2016-12-11 15:26:14,452 [Worker-28] WARN  o.e.m.c.i.embedder.EclipseLogger - Using platform encoding (Cp1252 actually) to copy filtered resources, i.e. build is platform dependent!
2016-12-11 15:26:14,584 [Worker-28] INFO  o.e.m.c.i.embedder.EclipseLogger - Copying 0 resource
2016-12-11 15:26:14,588 [Worker-28] WARN  o.e.m.c.i.embedder.EclipseLogger - Using platform encoding (Cp1252 actually) to copy filtered resources, i.e. build is platform dependent!
2016-12-11 15:26:14,596 [Worker-28] INFO  o.e.m.c.i.embedder.EclipseLogger - skip non existing resourceDirectory C:\Users\lenovo\Desktop\mysam\shoppingcartfront\src\test\resources
2016-12-11 15:34:15,409 [Worker-35] INFO  o.e.m.c.i.p.ProjectConfigurationManager - Collecting project info '/pom.xml' C:\Users\lenovo\Desktop\mysam\shopcart2020\pom.xml
2016-12-11 15:34:15,794 [Worker-35] INFO  o.e.m.c.i.l.LifecycleMappingFactory - Using org.eclipse.m2e.jdt.JarLifecycleMapping lifecycle mapping for MavenProject: fssd:shopcart2020:0.0.1-SNAPSHOT @ C:\Users\lenovo\Desktop\mysam\shopcart2020\pom.xml.
2016-12-11 15:34:16,545 [Worker-35] INFO  o.e.m.j.i.AbstractJavaProjectConfigurator - Adding source folder /shopcart2020/src/main/java
2016-12-11 15:34:16,571 [Worker-35] INFO  o.e.m.j.i.AbstractJavaProjectConfigurator - Adding source folder /shopcart2020/src/test/java
2016-12-11 15:34:16,810 [Worker-35] INFO  o.e.m.c.i.p.ProjectConfigurationManager - Imported and configured 1 project(s) in 1 sec
2016-12-11 15:34:17,248 [Worker-28] INFO  o.e.m.c.i.embedder.EclipseLogger - Using 'UTF-8' encoding to copy filtered resources.
2016-12-11 15:34:17,258 [Worker-28] INFO  o.e.m.c.i.embedder.EclipseLogger - skip non existing resourceDirectory C:\Users\lenovo\Desktop\mysam\shopcart2020\src\main\resources
2016-12-11 15:34:17,261 [Worker-28] INFO  o.e.m.c.i.embedder.EclipseLogger - Using 'UTF-8' encoding to copy filtered resources.
2016-12-11 15:34:17,269 [Worker-28] INFO  o.e.m.c.i.embedder.EclipseLogger - skip non existing resourceDirectory C:\Users\lenovo\Desktop\mysam\shopcart2020\src\test\resources
2016-12-11 15:38:48,239 [Worker-28] INFO  o.e.m.c.i.l.LifecycleMappingFactory - Using org.eclipse.m2e.jdt.JarLifecycleMapping lifecycle mapping for MavenProject: fssd:shopcart2020:0.0.1-SNAPSHOT @ C:\Users\lenovo\Desktop\mysam\shopcart2020\pom.xml.
2016-12-11 15:38:49,316 [Worker-28] INFO  o.e.m.c.i.embedder.EclipseLogger - Using 'UTF-8' encoding to copy filtered resources.
2016-12-11 15:38:49,316 [Worker-28] INFO  o.e.m.c.i.embedder.EclipseLogger - skip non existing resourceDirectory C:\Users\lenovo\Desktop\mysam\shopcart2020\src\main\resources
2016-12-11 15:38:49,374 [Worker-28] INFO  o.e.m.c.i.embedder.EclipseLogger - Using 'UTF-8' encoding to copy filtered resources.
2016-12-11 15:38:49,383 [Worker-28] INFO  o.e.m.c.i.embedder.EclipseLogger - skip non existing resourceDirectory C:\Users\lenovo\Desktop\mysam\shopcart2020\src\test\resources
2016-12-11 15:38:50,792 [Worker-35] INFO  o.e.m.c.i.embedder.EclipseLogger - Using 'UTF-8' encoding to copy filtered resources.
2016-12-11 15:38:50,793 [Worker-35] INFO  o.e.m.c.i.embedder.EclipseLogger - skip non existing resourceDirectory C:\Users\lenovo\Desktop\mysam\shopcart2020\src\main\resources
2016-12-11 15:38:50,803 [Worker-35] INFO  o.e.m.c.i.embedder.EclipseLogger - Using 'UTF-8' encoding to copy filtered resources.
2016-12-11 15:38:50,811 [Worker-35] INFO  o.e.m.c.i.embedder.EclipseLogger - skip non existing resourceDirectory C:\Users\lenovo\Desktop\mysam\shopcart2020\src\test\resources
2016-12-11 15:50:07,057 [Worker-43] INFO  o.e.m.c.i.p.ProjectConfigurationManager - Collecting project info '/pom.xml' C:\Users\lenovo\Desktop\mysam\shop2020\pom.xml
2016-12-11 15:50:07,395 [Worker-43] INFO  o.e.m.c.i.l.LifecycleMappingFactory - Using org.eclipse.m2e.jdt.JarLifecycleMapping lifecycle mapping for MavenProject: fssd:shop2020:0.0.1-SNAPSHOT @ C:\Users\lenovo\Desktop\mysam\shop2020\pom.xml.
2016-12-11 15:50:08,021 [Worker-43] INFO  o.e.m.j.i.AbstractJavaProjectConfigurator - Adding source folder /shop2020/src/main/java
2016-12-11 15:50:08,042 [Worker-43] INFO  o.e.m.j.i.AbstractJavaProjectConfigurator - Adding source folder /shop2020/src/test/java
2016-12-11 15:50:08,233 [Worker-43] INFO  o.e.m.c.i.p.ProjectConfigurationManager - Imported and configured 1 project(s) in 1 sec
2016-12-11 15:50:08,673 [Worker-43] INFO  o.e.m.c.i.embedder.EclipseLogger - Using 'UTF-8' encoding to copy filtered resources.
2016-12-11 15:50:08,728 [Worker-43] INFO  o.e.m.c.i.embedder.EclipseLogger - skip non existing resourceDirectory C:\Users\lenovo\Desktop\mysam\shop2020\src\main\resources
2016-12-11 15:50:08,731 [Worker-43] INFO  o.e.m.c.i.embedder.EclipseLogger - Using 'UTF-8' encoding to copy filtered resources.
2016-12-11 15:50:08,738 [Worker-43] INFO  o.e.m.c.i.embedder.EclipseLogger - skip non existing resourceDirectory C:\Users\lenovo\Desktop\mysam\shop2020\src\test\resources
2016-12-11 15:50:50,683 [Worker-48] INFO  o.e.m.c.i.embedder.EclipseLogger - Using 'UTF-8' encoding to copy filtered resources.
2016-12-11 15:50:50,730 [Worker-48] INFO  o.e.m.c.i.embedder.EclipseLogger - skip non existing resourceDirectory C:\Users\lenovo\Desktop\mysam\shop2020\src\main\resources
2016-12-11 15:50:50,740 [Worker-48] INFO  o.e.m.c.i.embedder.EclipseLogger - Using 'UTF-8' encoding to copy filtered resources.
2016-12-11 15:50:50,748 [Worker-48] INFO  o.e.m.c.i.embedder.EclipseLogger - skip non existing resourceDirectory C:\Users\lenovo\Desktop\mysam\shop2020\src\test\resources
2016-12-11 15:52:11,182 [Worker-36] INFO  o.e.m.c.i.l.LifecycleMappingFactory - Using org.eclipse.m2e.jdt.JarLifecycleMapping lifecycle mapping for MavenProject: fssd:shop2020:0.0.1-SNAPSHOT @ C:\Users\lenovo\Desktop\mysam\shop2020\pom.xml.
2016-12-11 15:52:11,793 [Worker-36] INFO  o.e.m.c.i.embedder.EclipseLogger - Using 'UTF-8' encoding to copy filtered resources.
2016-12-11 15:52:11,801 [Worker-36] INFO  o.e.m.c.i.embedder.EclipseLogger - skip non existing resourceDirectory C:\Users\lenovo\Desktop\mysam\shop2020\src\main\resources
2016-12-11 15:52:11,811 [Worker-36] INFO  o.e.m.c.i.embedder.EclipseLogger - Using 'UTF-8' encoding to copy filtered resources.
2016-12-11 15:52:11,812 [Worker-36] INFO  o.e.m.c.i.embedder.EclipseLogger - skip non existing resourceDirectory C:\Users\lenovo\Desktop\mysam\shop2020\src\test\resources
2016-12-11 15:52:13,312 [Worker-49] INFO  o.e.m.c.i.embedder.EclipseLogger - Using 'UTF-8' encoding to copy filtered resources.
2016-12-11 15:52:13,314 [Worker-49] INFO  o.e.m.c.i.embedder.EclipseLogger - skip non existing resourceDirectory C:\Users\lenovo\Desktop\mysam\shop2020\src\main\resources
2016-12-11 15:52:13,317 [Worker-49] INFO  o.e.m.c.i.embedder.EclipseLogger - Using 'UTF-8' encoding to copy filtered resources.
2016-12-11 15:52:13,318 [Worker-49] INFO  o.e.m.c.i.embedder.EclipseLogger - skip non existing resourceDirectory C:\Users\lenovo\Desktop\mysam\shop2020\src\test\resources
2016-12-11 15:55:24,069 [ModalContext] INFO  o.e.m.c.i.e.AbstractTransferListenerAdapter - Downloading https://repo.maven.apache.org/maven2/org/apache/maven/archetypes/maven-archetype-archetype/1.0/maven-archetype-archetype-1.0.jar
2016-12-11 15:55:24,575 [ModalContext] INFO  o.e.m.c.i.e.AbstractTransferListenerAdapter - Downloaded https://repo.maven.apache.org/maven2/org/apache/maven/archetypes/maven-archetype-archetype/1.0/maven-archetype-archetype-1.0.jar
2016-12-11 15:55:24,857 [ModalContext] INFO  o.e.m.c.i.e.AbstractTransferListenerAdapter - Downloading https://repo.maven.apache.org/maven2/org/apache/maven/archetypes/maven-archetype-archetype/1.0/maven-archetype-archetype-1.0.pom
2016-12-11 15:55:25,126 [ModalContext] INFO  o.e.m.c.i.e.AbstractTransferListenerAdapter - Downloaded https://repo.maven.apache.org/maven2/org/apache/maven/archetypes/maven-archetype-archetype/1.0/maven-archetype-archetype-1.0.pom
2016-12-11 15:59:09,273 [Worker-49] INFO  o.e.m.c.i.embedder.EclipseLogger - Using 'UTF-8' encoding to copy filtered resources.
2016-12-11 15:59:09,330 [Worker-49] INFO  o.e.m.c.i.embedder.EclipseLogger - skip non existing resourceDirectory C:\Users\lenovo\Desktop\mysam\shoppingcart\src\main\resources
2016-12-11 15:59:09,341 [Worker-49] INFO  o.e.m.c.i.embedder.EclipseLogger - Using 'UTF-8' encoding to copy filtered resources.
2016-12-11 15:59:09,341 [Worker-49] INFO  o.e.m.c.i.embedder.EclipseLogger - skip non existing resourceDirectory C:\Users\lenovo\Desktop\mysam\shoppingcart\src\test\resources
2016-12-11 15:59:44,323 [Worker-49] INFO  o.e.m.c.i.embedder.EclipseLogger - Using 'UTF-8' encoding to copy filtered resources.
2016-12-11 15:59:44,324 [Worker-49] INFO  o.e.m.c.i.embedder.EclipseLogger - skip non existing resourceDirectory C:\Users\lenovo\Desktop\mysam\shoppingcart\src\main\resources
2016-12-11 15:59:44,327 [Worker-49] INFO  o.e.m.c.i.embedder.EclipseLogger - Using 'UTF-8' encoding to copy filtered resources.
2016-12-11 15:59:44,328 [Worker-49] INFO  o.e.m.c.i.embedder.EclipseLogger - skip non existing resourceDirectory C:\Users\lenovo\Desktop\mysam\shoppingcart\src\test\resources
2016-12-11 16:03:12,638 [Worker-43] ERROR o.e.m.c.i.p.ProjectConfigurationManager - Unable to create project from archetype [org.apache.maven.archetypes:maven-archetype-webapp:1.0]
org.apache.maven.archetype.old.ArchetypeTemplateProcessingException: Directory shop2020 already exists - please run from a clean directory
	at org.apache.maven.archetype.old.DefaultOldArchetype.createArchetype(DefaultOldArchetype.java:245) ~[archetype-common-2.4.jar:2.4]
	at org.apache.maven.archetype.generator.DefaultArchetypeGenerator.processOldArchetype(DefaultArchetypeGenerator.java:135) ~[archetype-common-2.4.jar:2.4]
	at org.apache.maven.archetype.generator.DefaultArchetypeGenerator.generateArchetype(DefaultArchetypeGenerator.java:104) ~[archetype-common-2.4.jar:2.4]
	at org.apache.maven.archetype.generator.DefaultArchetypeGenerator.generateArchetype(DefaultArchetypeGenerator.java:143) ~[archetype-common-2.4.jar:2.4]
	at org.apache.maven.archetype.generator.DefaultArchetypeGenerator.generateArchetype(DefaultArchetypeGenerator.java:169) ~[archetype-common-2.4.jar:2.4]
	at org.apache.maven.archetype.DefaultArchetypeManager.generateProjectFromArchetype(DefaultArchetypeManager.java:73) ~[archetype-common-2.4.jar:2.4]
	at org.eclipse.m2e.core.internal.project.ProjectConfigurationManager.createArchetypeProjects0(ProjectConfigurationManager.java:811) [org.eclipse.m2e.core_1.7.0.20160603-1933.jar:na]
	at org.eclipse.m2e.core.internal.project.ProjectConfigurationManager$5.call(ProjectConfigurationManager.java:760) [org.eclipse.m2e.core_1.7.0.20160603-1933.jar:na]
	at org.eclipse.m2e.core.internal.project.ProjectConfigurationManager$5.call(ProjectConfigurationManager.java:1) [org.eclipse.m2e.core_1.7.0.20160603-1933.jar:na]
	at org.eclipse.m2e.core.internal.embedder.MavenExecutionContext.executeBare(MavenExecutionContext.java:176) [org.eclipse.m2e.core_1.7.0.20160603-1933.jar:na]
	at org.eclipse.m2e.core.internal.embedder.MavenExecutionContext.execute(MavenExecutionContext.java:151) [org.eclipse.m2e.core_1.7.0.20160603-1933.jar:na]
	at org.eclipse.m2e.core.internal.embedder.MavenExecutionContext.execute(MavenExecutionContext.java:99) [org.eclipse.m2e.core_1.7.0.20160603-1933.jar:na]
	at org.eclipse.m2e.core.internal.embedder.MavenImpl.execute(MavenImpl.java:1355) [org.eclipse.m2e.core_1.7.0.20160603-1933.jar:na]
	at org.eclipse.m2e.core.internal.project.ProjectConfigurationManager.createArchetypeProjects(ProjectConfigurationManager.java:758) [org.eclipse.m2e.core_1.7.0.20160603-1933.jar:na]
	at org.eclipse.m2e.core.ui.internal.wizards.MavenProjectWizard$5.doCreateMavenProjects(MavenProjectWizard.java:243) [org.eclipse.m2e.core.ui_1.7.0.20160603-1933.jar:na]
	at org.eclipse.m2e.core.ui.internal.wizards.AbstractCreateMavenProjectJob$1.doCreateMavenProjects(AbstractCreateMavenProjectJob.java:50) [org.eclipse.m2e.core.ui_1.7.0.20160603-1933.jar:na]
	at org.eclipse.m2e.core.ui.internal.wizards.AbstractCreateMavenProjectsOperation.run(AbstractCreateMavenProjectsOperation.java:62) [org.eclipse.m2e.core.ui_1.7.0.20160603-1933.jar:na]
	at org.eclipse.m2e.core.ui.internal.wizards.AbstractCreateMavenProjectJob.runInWorkspace(AbstractCreateMavenProjectJob.java:54) [org.eclipse.m2e.core.ui_1.7.0.20160603-1933.jar:na]
	at org.eclipse.core.internal.resources.InternalWorkspaceJob.run(InternalWorkspaceJob.java:39) [org.eclipse.core.resources_3.11.0.v20160503-1608.jar:na]
	at org.eclipse.core.internal.jobs.Worker.run(Worker.java:55) [org.eclipse.core.jobs_3.8.0.v20160509-0411.jar:na]
2016-12-11 16:07:09,441 [Worker-43] INFO  o.e.m.c.i.p.ProjectConfigurationManager - Collecting project info '/pom.xml' C:\Users\lenovo\Desktop\mysam\shop20201\pom.xml
2016-12-11 16:07:09,853 [Worker-43] INFO  o.e.m.c.i.l.LifecycleMappingFactory - Using org.maven.ide.eclipse.wtp.WarLifecycleMapping lifecycle mapping for MavenProject: com.niit:shop20201:0.0.1-SNAPSHOT @ C:\Users\lenovo\Desktop\mysam\shop20201\pom.xml.
2016-12-11 16:07:10,278 [Worker-43] INFO  o.e.m.j.i.AbstractJavaProjectConfigurator - Adding source folder /shop20201/src/main/java
2016-12-11 16:07:10,288 [Worker-43] INFO  o.e.m.j.i.AbstractJavaProjectConfigurator - Adding resource folder /shop20201/src/main/resources
2016-12-11 16:07:10,298 [Worker-43] INFO  o.e.m.j.i.AbstractJavaProjectConfigurator - Adding source folder /shop20201/src/test/java
2016-12-11 16:07:13,423 [Worker-43] INFO  o.e.m.c.i.p.ProjectConfigurationManager - Imported and configured 1 project(s) in 3 sec
2016-12-11 16:07:14,554 [Worker-55] WARN  o.e.m.c.i.embedder.EclipseLogger - Using platform encoding (Cp1252 actually) to copy filtered resources, i.e. build is platform dependent!
2016-12-11 16:07:14,890 [Worker-55] INFO  o.e.m.c.i.embedder.EclipseLogger - Copying 0 resource
2016-12-11 16:07:14,915 [Worker-55] WARN  o.e.m.c.i.embedder.EclipseLogger - Using platform encoding (Cp1252 actually) to copy filtered resources, i.e. build is platform dependent!
2016-12-11 16:07:14,935 [Worker-55] INFO  o.e.m.c.i.embedder.EclipseLogger - skip non existing resourceDirectory C:\Users\lenovo\Desktop\mysam\shop20201\src\test\resources
2016-12-11 16:08:38,931 [Worker-40] INFO  o.e.m.c.i.l.LifecycleMappingFactory - Using org.maven.ide.eclipse.wtp.WarLifecycleMapping lifecycle mapping for MavenProject: com.niit:shop20201:0.0.1-SNAPSHOT @ C:\Users\lenovo\Desktop\mysam\shop20201\pom.xml.
2016-12-11 16:08:39,605 [Worker-40] WARN  o.e.m.c.i.embedder.EclipseLogger - Using platform encoding (Cp1252 actually) to copy filtered resources, i.e. build is platform dependent!
2016-12-11 16:08:39,715 [Worker-40] INFO  o.e.m.c.i.embedder.EclipseLogger - Copying 0 resource
2016-12-11 16:08:39,729 [Worker-40] WARN  o.e.m.c.i.embedder.EclipseLogger - Using platform encoding (Cp1252 actually) to copy filtered resources, i.e. build is platform dependent!
2016-12-11 16:08:39,746 [Worker-40] INFO  o.e.m.c.i.embedder.EclipseLogger - skip non existing resourceDirectory C:\Users\lenovo\Desktop\mysam\shop20201\src\test\resources
2016-12-11 16:08:39,756 [Worker-40] INFO  o.e.m.w.i.f.ResourceFilteringBuildParticipant - Changed resources require a complete clean of filtered resources of shop20201
2016-12-11 16:08:39,757 [Worker-40] INFO  o.e.m.w.i.f.ResourceFilteringBuildParticipant - Executing resource filtering for shop20201
2016-12-11 16:08:39,794 [Worker-40] WARN  o.e.m.c.i.embedder.EclipseLogger - Using platform encoding (Cp1252 actually) to copy filtered resources, i.e. build is platform dependent!
2016-12-11 16:08:41,064 [Worker-36] WARN  o.e.m.c.i.embedder.EclipseLogger - Using platform encoding (Cp1252 actually) to copy filtered resources, i.e. build is platform dependent!
2016-12-11 16:08:41,078 [Worker-36] INFO  o.e.m.c.i.embedder.EclipseLogger - Copying 0 resource
2016-12-11 16:08:41,087 [Worker-36] WARN  o.e.m.c.i.embedder.EclipseLogger - Using platform encoding (Cp1252 actually) to copy filtered resources, i.e. build is platform dependent!
2016-12-11 16:08:41,104 [Worker-36] INFO  o.e.m.c.i.embedder.EclipseLogger - skip non existing resourceDirectory C:\Users\lenovo\Desktop\mysam\shop20201\src\test\resources
2016-12-11 16:13:16,443 [Worker-49] WARN  o.e.m.c.i.embedder.EclipseLogger - Using platform encoding (Cp1252 actually) to copy filtered resources, i.e. build is platform dependent!
2016-12-11 16:13:16,625 [Worker-49] INFO  o.e.m.c.i.embedder.EclipseLogger - Copying 0 resource
2016-12-11 16:13:16,636 [Worker-49] WARN  o.e.m.c.i.embedder.EclipseLogger - Using platform encoding (Cp1252 actually) to copy filtered resources, i.e. build is platform dependent!
2016-12-11 16:13:16,649 [Worker-49] INFO  o.e.m.c.i.embedder.EclipseLogger - skip non existing resourceDirectory C:\Users\lenovo\Desktop\mysam\shop20201\src\test\resources
2016-12-11 16:13:54,731 [Worker-54] WARN  o.e.m.c.i.embedder.EclipseLogger - Using platform encoding (Cp1252 actually) to copy filtered resources, i.e. build is platform dependent!
2016-12-11 16:13:54,741 [Worker-54] INFO  o.e.m.c.i.embedder.EclipseLogger - Copying 0 resource
2016-12-11 16:13:54,751 [Worker-54] WARN  o.e.m.c.i.embedder.EclipseLogger - Using platform encoding (Cp1252 actually) to copy filtered resources, i.e. build is platform dependent!
2016-12-11 16:13:54,764 [Worker-54] INFO  o.e.m.c.i.embedder.EclipseLogger - skip non existing resourceDirectory C:\Users\lenovo\Desktop\mysam\shop20201\src\test\resources
2016-12-11 16:19:17,357 [Worker-36] WARN  o.e.m.c.i.embedder.EclipseLogger - Using platform encoding (Cp1252 actually) to copy filtered resources, i.e. build is platform dependent!
2016-12-11 16:19:17,374 [Worker-36] INFO  o.e.m.c.i.embedder.EclipseLogger - Copying 0 resource
2016-12-11 16:19:17,385 [Worker-36] WARN  o.e.m.c.i.embedder.EclipseLogger - Using platform encoding (Cp1252 actually) to copy filtered resources, i.e. build is platform dependent!
2016-12-11 16:19:17,404 [Worker-36] INFO  o.e.m.c.i.embedder.EclipseLogger - skip non existing resourceDirectory C:\Users\lenovo\Desktop\mysam\shop20201\src\test\resources
2016-12-11 16:19:32,202 [Worker-36] WARN  o.e.m.c.i.embedder.EclipseLogger - Using platform encoding (Cp1252 actually) to copy filtered resources, i.e. build is platform dependent!
2016-12-11 16:19:32,237 [Worker-36] INFO  o.e.m.c.i.embedder.EclipseLogger - Copying 0 resource
2016-12-11 16:19:32,248 [Worker-36] WARN  o.e.m.c.i.embedder.EclipseLogger - Using platform encoding (Cp1252 actually) to copy filtered resources, i.e. build is platform dependent!
2016-12-11 16:19:32,265 [Worker-36] INFO  o.e.m.c.i.embedder.EclipseLogger - skip non existing resourceDirectory C:\Users\lenovo\Desktop\mysam\shop20201\src\test\resources
2016-12-11 16:22:14,365 [Worker-49] WARN  o.e.m.c.i.embedder.EclipseLogger - Using platform encoding (Cp1252 actually) to copy filtered resources, i.e. build is platform dependent!
2016-12-11 16:22:14,556 [Worker-49] INFO  o.e.m.c.i.embedder.EclipseLogger - Copying 0 resource
2016-12-11 16:22:14,565 [Worker-49] WARN  o.e.m.c.i.embedder.EclipseLogger - Using platform encoding (Cp1252 actually) to copy filtered resources, i.e. build is platform dependent!
2016-12-11 16:22:14,578 [Worker-49] INFO  o.e.m.c.i.embedder.EclipseLogger - skip non existing resourceDirectory C:\Users\lenovo\Desktop\mysam\shop20201\src\test\resources
2016-12-11 16:23:29,743 [Worker-54] WARN  o.e.m.c.i.embedder.EclipseLogger - Using platform encoding (Cp1252 actually) to copy filtered resources, i.e. build is platform dependent!
2016-12-11 16:23:29,770 [Worker-54] INFO  o.e.m.c.i.embedder.EclipseLogger - Copying 0 resource
2016-12-11 16:23:29,784 [Worker-54] WARN  o.e.m.c.i.embedder.EclipseLogger - Using platform encoding (Cp1252 actually) to copy filtered resources, i.e. build is platform dependent!
2016-12-11 16:23:29,798 [Worker-54] INFO  o.e.m.c.i.embedder.EclipseLogger - skip non existing resourceDirectory C:\Users\lenovo\Desktop\mysam\shop20201\src\test\resources
2016-12-11 16:23:46,052 [Worker-53] WARN  o.e.m.c.i.embedder.EclipseLogger - Using platform encoding (Cp1252 actually) to copy filtered resources, i.e. build is platform dependent!
2016-12-11 16:23:46,072 [Worker-53] INFO  o.e.m.c.i.embedder.EclipseLogger - Copying 0 resource
2016-12-11 16:23:46,083 [Worker-53] WARN  o.e.m.c.i.embedder.EclipseLogger - Using platform encoding (Cp1252 actually) to copy filtered resources, i.e. build is platform dependent!
2016-12-11 16:23:46,102 [Worker-53] INFO  o.e.m.c.i.embedder.EclipseLogger - skip non existing resourceDirectory C:\Users\lenovo\Desktop\mysam\shop20201\src\test\resources
2016-12-11 16:25:37,965 [Worker-43] WARN  o.e.m.c.i.embedder.EclipseLogger - Using platform encoding (Cp1252 actually) to copy filtered resources, i.e. build is platform dependent!
2016-12-11 16:25:38,142 [Worker-43] INFO  o.e.m.c.i.embedder.EclipseLogger - Copying 0 resource
2016-12-11 16:25:38,151 [Worker-43] WARN  o.e.m.c.i.embedder.EclipseLogger - Using platform encoding (Cp1252 actually) to copy filtered resources, i.e. build is platform dependent!
2016-12-11 16:25:38,164 [Worker-43] INFO  o.e.m.c.i.embedder.EclipseLogger - skip non existing resourceDirectory C:\Users\lenovo\Desktop\mysam\shop20201\src\test\resources
2016-12-11 16:26:33,577 [Worker-43] WARN  o.e.m.c.i.embedder.EclipseLogger - Using platform encoding (Cp1252 actually) to copy filtered resources, i.e. build is platform dependent!
2016-12-11 16:26:33,759 [Worker-43] INFO  o.e.m.c.i.embedder.EclipseLogger - Copying 0 resource
2016-12-11 16:26:33,774 [Worker-43] WARN  o.e.m.c.i.embedder.EclipseLogger - Using platform encoding (Cp1252 actually) to copy filtered resources, i.e. build is platform dependent!
2016-12-11 16:26:33,792 [Worker-43] INFO  o.e.m.c.i.embedder.EclipseLogger - skip non existing resourceDirectory C:\Users\lenovo\Desktop\mysam\shop20201\src\test\resources
2016-12-11 16:26:55,580 [Worker-56] WARN  o.e.m.c.i.embedder.EclipseLogger - Using platform encoding (Cp1252 actually) to copy filtered resources, i.e. build is platform dependent!
2016-12-11 16:26:55,746 [Worker-56] INFO  o.e.m.c.i.embedder.EclipseLogger - Copying 0 resource
2016-12-11 16:26:55,754 [Worker-56] WARN  o.e.m.c.i.embedder.EclipseLogger - Using platform encoding (Cp1252 actually) to copy filtered resources, i.e. build is platform dependent!
2016-12-11 16:26:55,797 [Worker-56] INFO  o.e.m.c.i.embedder.EclipseLogger - skip non existing resourceDirectory C:\Users\lenovo\Desktop\mysam\shop20201\src\test\resources
2016-12-11 16:29:12,023 [Worker-56] WARN  o.e.m.c.i.embedder.EclipseLogger - Using platform encoding (Cp1252 actually) to copy filtered resources, i.e. build is platform dependent!
2016-12-11 16:29:12,213 [Worker-56] INFO  o.e.m.c.i.embedder.EclipseLogger - Copying 0 resource
2016-12-11 16:29:12,222 [Worker-56] WARN  o.e.m.c.i.embedder.EclipseLogger - Using platform encoding (Cp1252 actually) to copy filtered resources, i.e. build is platform dependent!
2016-12-11 16:29:12,235 [Worker-56] INFO  o.e.m.c.i.embedder.EclipseLogger - skip non existing resourceDirectory C:\Users\lenovo\Desktop\mysam\shop20201\src\test\resources
2016-12-11 16:29:56,956 [Worker-43] WARN  o.e.m.c.i.embedder.EclipseLogger - Using platform encoding (Cp1252 actually) to copy filtered resources, i.e. build is platform dependent!
2016-12-11 16:29:57,123 [Worker-43] INFO  o.e.m.c.i.embedder.EclipseLogger - Copying 0 resource
2016-12-11 16:29:57,134 [Worker-43] WARN  o.e.m.c.i.embedder.EclipseLogger - Using platform encoding (Cp1252 actually) to copy filtered resources, i.e. build is platform dependent!
2016-12-11 16:29:57,150 [Worker-43] INFO  o.e.m.c.i.embedder.EclipseLogger - skip non existing resourceDirectory C:\Users\lenovo\Desktop\mysam\shop20201\src\test\resources
2016-12-11 16:30:35,337 [Worker-54] WARN  o.e.m.c.i.embedder.EclipseLogger - Using platform encoding (Cp1252 actually) to copy filtered resources, i.e. build is platform dependent!
2016-12-11 16:30:35,476 [Worker-54] INFO  o.e.m.c.i.embedder.EclipseLogger - Copying 0 resource
2016-12-11 16:30:35,485 [Worker-54] WARN  o.e.m.c.i.embedder.EclipseLogger - Using platform encoding (Cp1252 actually) to copy filtered resources, i.e. build is platform dependent!
2016-12-11 16:30:35,526 [Worker-54] INFO  o.e.m.c.i.embedder.EclipseLogger - skip non existing resourceDirectory C:\Users\lenovo\Desktop\mysam\shop20201\src\test\resources
2016-12-11 16:30:48,430 [Worker-43] WARN  o.e.m.c.i.embedder.EclipseLogger - Using platform encoding (Cp1252 actually) to copy filtered resources, i.e. build is platform dependent!
2016-12-11 16:30:48,589 [Worker-43] INFO  o.e.m.c.i.embedder.EclipseLogger - Copying 0 resource
2016-12-11 16:30:48,599 [Worker-43] WARN  o.e.m.c.i.embedder.EclipseLogger - Using platform encoding (Cp1252 actually) to copy filtered resources, i.e. build is platform dependent!
2016-12-11 16:30:48,612 [Worker-43] INFO  o.e.m.c.i.embedder.EclipseLogger - skip non existing resourceDirectory C:\Users\lenovo\Desktop\mysam\shop20201\src\test\resources
2016-12-11 16:31:46,655 [Worker-43] WARN  o.e.m.c.i.embedder.EclipseLogger - Using platform encoding (Cp1252 actually) to copy filtered resources, i.e. build is platform dependent!
2016-12-11 16:31:46,842 [Worker-43] INFO  o.e.m.c.i.embedder.EclipseLogger - Copying 0 resource
2016-12-11 16:31:46,851 [Worker-43] WARN  o.e.m.c.i.embedder.EclipseLogger - Using platform encoding (Cp1252 actually) to copy filtered resources, i.e. build is platform dependent!
2016-12-11 16:31:46,867 [Worker-43] INFO  o.e.m.c.i.embedder.EclipseLogger - skip non existing resourceDirectory C:\Users\lenovo\Desktop\mysam\shop20201\src\test\resources
2016-12-11 16:34:19,558 [Worker-57] WARN  o.e.m.c.i.embedder.EclipseLogger - Using platform encoding (Cp1252 actually) to copy filtered resources, i.e. build is platform dependent!
2016-12-11 16:34:19,731 [Worker-57] INFO  o.e.m.c.i.embedder.EclipseLogger - Copying 0 resource
2016-12-11 16:34:19,739 [Worker-57] WARN  o.e.m.c.i.embedder.EclipseLogger - Using platform encoding (Cp1252 actually) to copy filtered resources, i.e. build is platform dependent!
2016-12-11 16:34:19,753 [Worker-57] INFO  o.e.m.c.i.embedder.EclipseLogger - skip non existing resourceDirectory C:\Users\lenovo\Desktop\mysam\shop20201\src\test\resources
2016-12-11 17:02:11,675 [Worker-36] WARN  o.e.m.c.i.embedder.EclipseLogger - Using platform encoding (Cp1252 actually) to copy filtered resources, i.e. build is platform dependent!
2016-12-11 17:02:11,825 [Worker-36] INFO  o.e.m.c.i.embedder.EclipseLogger - Copying 0 resource
2016-12-11 17:02:11,901 [Worker-36] WARN  o.e.m.c.i.embedder.EclipseLogger - Using platform encoding (Cp1252 actually) to copy filtered resources, i.e. build is platform dependent!
2016-12-11 17:02:11,915 [Worker-36] INFO  o.e.m.c.i.embedder.EclipseLogger - skip non existing resourceDirectory C:\Users\lenovo\Desktop\mysam\shop20201\src\test\resources
2016-12-11 17:03:18,464 [Worker-52] INFO  o.e.m.c.i.l.LifecycleMappingFactory - Using org.maven.ide.eclipse.wtp.WarLifecycleMapping lifecycle mapping for MavenProject: com.niit:shop20201:0.0.1-SNAPSHOT @ C:\Users\lenovo\Desktop\mysam\shop20201\pom.xml.
2016-12-11 17:03:23,162 [Worker-52] WARN  o.e.m.c.i.embedder.EclipseLogger - Using platform encoding (Cp1252 actually) to copy filtered resources, i.e. build is platform dependent!
2016-12-11 17:03:23,180 [Worker-52] INFO  o.e.m.c.i.embedder.EclipseLogger - Copying 0 resource
2016-12-11 17:03:23,191 [Worker-52] WARN  o.e.m.c.i.embedder.EclipseLogger - Using platform encoding (Cp1252 actually) to copy filtered resources, i.e. build is platform dependent!
2016-12-11 17:03:23,201 [Worker-52] INFO  o.e.m.c.i.embedder.EclipseLogger - skip non existing resourceDirectory C:\Users\lenovo\Desktop\mysam\shop20201\src\test\resources
2016-12-11 17:03:23,209 [Worker-52] INFO  o.e.m.w.i.f.ResourceFilteringBuildParticipant - Changed resources require a complete clean of filtered resources of shop20201
2016-12-11 17:03:23,210 [Worker-52] INFO  o.e.m.w.i.f.ResourceFilteringBuildParticipant - Executing resource filtering for shop20201
2016-12-11 17:03:23,220 [Worker-52] WARN  o.e.m.c.i.embedder.EclipseLogger - Using platform encoding (Cp1252 actually) to copy filtered resources, i.e. build is platform dependent!
2016-12-11 17:03:24,528 [Worker-60] WARN  o.e.m.c.i.embedder.EclipseLogger - Using platform encoding (Cp1252 actually) to copy filtered resources, i.e. build is platform dependent!
2016-12-11 17:03:24,543 [Worker-60] INFO  o.e.m.c.i.embedder.EclipseLogger - Copying 0 resource
2016-12-11 17:03:24,554 [Worker-60] WARN  o.e.m.c.i.embedder.EclipseLogger - Using platform encoding (Cp1252 actually) to copy filtered resources, i.e. build is platform dependent!
2016-12-11 17:03:24,578 [Worker-60] INFO  o.e.m.c.i.embedder.EclipseLogger - skip non existing resourceDirectory C:\Users\lenovo\Desktop\mysam\shop20201\src\test\resources
2016-12-11 17:08:14,288 [Worker-62] WARN  o.e.m.c.i.embedder.EclipseLogger - Using platform encoding (Cp1252 actually) to copy filtered resources, i.e. build is platform dependent!
2016-12-11 17:08:14,307 [Worker-62] INFO  o.e.m.c.i.embedder.EclipseLogger - Copying 0 resource
2016-12-11 17:08:14,318 [Worker-62] WARN  o.e.m.c.i.embedder.EclipseLogger - Using platform encoding (Cp1252 actually) to copy filtered resources, i.e. build is platform dependent!
2016-12-11 17:08:14,334 [Worker-62] INFO  o.e.m.c.i.embedder.EclipseLogger - skip non existing resourceDirectory C:\Users\lenovo\Desktop\mysam\shop20201\src\test\resources
2017-01-01 11:51:35,980 [Worker-0] WARN  o.e.m.c.i.embedder.EclipseLogger - Using platform encoding (Cp1252 actually) to copy filtered resources, i.e. build is platform dependent!
2017-01-01 11:51:36,058 [Worker-0] INFO  o.e.m.c.i.embedder.EclipseLogger - Copying 0 resource
2017-01-01 11:51:36,064 [Worker-0] WARN  o.e.m.c.i.embedder.EclipseLogger - Using platform encoding (Cp1252 actually) to copy filtered resources, i.e. build is platform dependent!
2017-01-01 11:51:36,090 [Worker-0] INFO  o.e.m.c.i.embedder.EclipseLogger - skip non existing resourceDirectory C:\Users\lenovo\Desktop\mysam\shop20201\src\test\resources
2017-01-01 11:51:42,226 [Worker-8] WARN  o.e.m.c.i.embedder.EclipseLogger - Using platform encoding (Cp1252 actually) to copy filtered resources, i.e. build is platform dependent!
2017-01-01 11:51:42,291 [Worker-8] INFO  o.e.m.c.i.embedder.EclipseLogger - Copying 0 resource
2017-01-01 11:51:42,297 [Worker-8] WARN  o.e.m.c.i.embedder.EclipseLogger - Using platform encoding (Cp1252 actually) to copy filtered resources, i.e. build is platform dependent!
2017-01-01 11:51:42,364 [Worker-8] INFO  o.e.m.c.i.embedder.EclipseLogger - skip non existing resourceDirectory C:\Users\lenovo\Desktop\mysam\shoppingcartfront\src\test\resources
2017-01-01 12:23:42,692 [Worker-2] INFO  o.e.m.c.i.p.ProjectConfigurationManager - Collecting project info '/pom.xml' C:\Users\lenovo\Desktop\mysam\ggg\pom.xml
2017-01-01 12:23:48,204 [Worker-2] INFO  o.e.m.c.i.l.LifecycleMappingFactory - Using org.eclipse.m2e.jdt.JarLifecycleMapping lifecycle mapping for MavenProject: com.niit:ggg:0.0.1-SNAPSHOT @ C:\Users\lenovo\Desktop\mysam\ggg\pom.xml.
2017-01-01 12:23:49,847 [Worker-2] INFO  o.e.m.j.i.AbstractJavaProjectConfigurator - Adding source folder /ggg/src/main/java
2017-01-01 12:23:49,866 [Worker-2] INFO  o.e.m.j.i.AbstractJavaProjectConfigurator - Adding source folder /ggg/src/test/java
2017-01-01 12:23:50,349 [Worker-2] INFO  o.e.m.c.i.p.ProjectConfigurationManager - Imported and configured 1 project(s) in 7 sec
2017-01-01 12:23:51,528 [Worker-21] INFO  o.e.m.c.i.embedder.EclipseLogger - Using 'UTF-8' encoding to copy filtered resources.
2017-01-01 12:23:51,529 [Worker-21] INFO  o.e.m.c.i.embedder.EclipseLogger - skip non existing resourceDirectory C:\Users\lenovo\Desktop\mysam\ggg\src\main\resources
2017-01-01 12:23:51,534 [Worker-21] INFO  o.e.m.c.i.embedder.EclipseLogger - Using 'UTF-8' encoding to copy filtered resources.
2017-01-01 12:23:51,542 [Worker-21] INFO  o.e.m.c.i.embedder.EclipseLogger - skip non existing resourceDirectory C:\Users\lenovo\Desktop\mysam\ggg\src\test\resources
2017-01-01 12:55:06,852 [Worker-29] WARN  o.e.m.c.i.embedder.EclipseLogger - Using platform encoding (Cp1252 actually) to copy filtered resources, i.e. build is platform dependent!
2017-01-01 12:55:07,089 [Worker-29] INFO  o.e.m.c.i.embedder.EclipseLogger - Copying 0 resource
2017-01-01 12:55:07,093 [Worker-29] WARN  o.e.m.c.i.embedder.EclipseLogger - Using platform encoding (Cp1252 actually) to copy filtered resources, i.e. build is platform dependent!
2017-01-01 12:55:07,252 [Worker-29] INFO  o.e.m.c.i.embedder.EclipseLogger - skip non existing resourceDirectory C:\Users\lenovo\Desktop\mysam\shoppingcartfront\src\test\resources
